Building DAG of jobs...
Using shell: /usr/bin/bash
Provided cores: 1 (use --cores to define parallelism)
Rules claiming more threads will be scaled down.
Job stats:
job          count    min threads    max threads
---------  -------  -------------  -------------
run_3plex        1              1              1
total            1              1              1

Select jobs to execute...

[Thu May 11 18:40:44 2023]
rule run_3plex:
    input: working_dir/18/TERC.fa, working_dir/18/TERC.pos_neg.bed.fa
    output: working_dir/18/TERC.fa__TERC.pos_neg.bed.fa__output.txt
    jobid: 0
    reason: Missing output files: working_dir/18/TERC.fa__TERC.pos_neg.bed.fa__output.txt
    wildcards: token=18, ssRNA=TERC.fa, dsDNA=TERC.pos_neg.bed.fa
    resources: tmpdir=/tmp


			docker run --rm -v /home/mmasera/3plex_backend_server/server/working_dir/18:/home/mmasera/3plex_backend_server/server/working_dir/18 imolineris/3plex:v0.1.2-beta 				-j 1 -l 8 -L -1 -e 20 				-g 40 -r off -c 1 				-s 0 /home/mmasera/3plex_backend_server/server/working_dir/18/TERC.fa /home/mmasera/3plex_backend_server/server/working_dir/18/TERC.pos_neg.bed.fa 					/home/mmasera/3plex_backend_server/server/working_dir/18; 
		echo "Job completed" > working_dir/18/TERC.fa__TERC.pos_neg.bed.fa_output.txt
		curl -F SUMMARY=@TERC.fa_ssmasked-TERC.pos_neg.bed.fa__tpx.summary.gz 			-F STABILITY=@TERC.fa_ssmasked-TERC.pos_neg.bed.fa.tpx.stability.gz  localhost:8001/results/18/submitresult/
		rm -rf /home/mmasera/3plex_backend_server/server/18
	
[Thu May 11 18:40:52 2023]
Error in rule run_3plex:
    jobid: 0
    input: working_dir/18/TERC.fa, working_dir/18/TERC.pos_neg.bed.fa
    output: working_dir/18/TERC.fa__TERC.pos_neg.bed.fa__output.txt
    shell:
        
			docker run --rm -v /home/mmasera/3plex_backend_server/server/working_dir/18:/home/mmasera/3plex_backend_server/server/working_dir/18 imolineris/3plex:v0.1.2-beta 				-j 1 -l 8 -L -1 -e 20 				-g 40 -r off -c 1 				-s 0 /home/mmasera/3plex_backend_server/server/working_dir/18/TERC.fa /home/mmasera/3plex_backend_server/server/working_dir/18/TERC.pos_neg.bed.fa 					/home/mmasera/3plex_backend_server/server/working_dir/18; 
		echo "Job completed" > working_dir/18/TERC.fa__TERC.pos_neg.bed.fa_output.txt
		curl -F SUMMARY=@TERC.fa_ssmasked-TERC.pos_neg.bed.fa__tpx.summary.gz 			-F STABILITY=@TERC.fa_ssmasked-TERC.pos_neg.bed.fa.tpx.stability.gz  localhost:8001/results/18/submitresult/
		rm -rf /home/mmasera/3plex_backend_server/server/18
	
        (one of the commands exited with non-zero exit code; note that snakemake uses bash strict mode!)

Shutting down, this might take some time.
Exiting because a job execution failed. Look above for error message
Complete log: .snakemake/log/2023-05-11T184044.709320.snakemake.log
