Building DAG of jobs...
Using shell: /usr/bin/bash
Provided cores: 1 (use --cores to define parallelism)
Rules claiming more threads will be scaled down.
Job stats:
job          count    min threads    max threads
---------  -------  -------------  -------------
run_3plex        1              1              1
total            1              1              1

Select jobs to execute...

[Thu May 11 18:05:13 2023]
rule run_3plex:
    input: working_dir/17/TERC.fa, working_dir/17/TERC.pos_neg.bed.fa
    output: working_dir/17/TERC.fa__TERC.pos_neg.bed.fa__output.txt
    jobid: 0
    reason: Missing output files: working_dir/17/TERC.fa__TERC.pos_neg.bed.fa__output.txt
    wildcards: token=17, ssRNA=TERC.fa, dsDNA=TERC.pos_neg.bed.fa
    resources: tmpdir=/tmp

RuleException in rule run_3plex in file /home/mmasera/3plex_backend_server/server/Snakefile, line 6:
NameError: The name 'min_len' is unknown in this context. Please make sure that you defined that variable. Also note that braces not used for variable access have to be escaped by repeating them, i.e. {{print $1}}, when formatting the following:

			docker run -u `id -u`:`id -g` --rm -v $PWD/working_dir/{wildcards.token}:$PWD/working_dir/{wildcards.token} imolineris/3plex:v0.1.2-beta 				-j 1 -l {config[min_len]} -L {config[max_len]} -e {config[error_rate]} 				-g {config[guanine_rate]} -r {config[filter_repeat]} -c {config[consecutive_errors]} 				-s {config[SSTRAND]} $PWD/{input.ssRNA_file} $PWD/{input.dsDNA_file} \ 
					$PWD/working_dir/{wildcards.token}; 
		echo "Job completed" > working_dir/{wildcards.token}/{wildcards.ssRNA}__{wildcards.dsDNA}_output.txt
	
