Building DAG of jobs...
Using shell: /usr/bin/bash
Provided cores: 1 (use --cores to define parallelism)
Rules claiming more threads will be scaled down.
Job stats:
job          count    min threads    max threads
---------  -------  -------------  -------------
run_3plex        1              1              1
total            1              1              1

Select jobs to execute...

[Thu May 11 16:51:12 2023]
rule run_3plex:
    input: working_dir/ciao/TERC.fa, working_dir/ciao/TERC.pos_neg.bed.fa
    output: working_dir/ciao/TERC.fa__TERC.pos_neg.bed.fa.output.txt
    jobid: 0
    reason: Missing output files: working_dir/ciao/TERC.fa__TERC.pos_neg.bed.fa.output.txt
    wildcards: token=ciao, ssRNA=TERC.fa, dsDNA=TERC.pos_neg.bed.fa
    resources: tmpdir=/mnt/nvme_raid0/tmp


			echo c
		echo "Job completed" > working_dir/ciao/TERC.fa__TERC.pos_neg.bed.fa.output.txt
	
[Thu May 11 16:51:12 2023]
Finished job 0.
1 of 1 steps (100%) done
Complete log: .snakemake/log/2023-05-11T165112.734428.snakemake.log
