Building DAG of jobs...
Using shell: /usr/bin/bash
Provided cores: 1 (use --cores to define parallelism)
Rules claiming more threads will be scaled down.
Job stats:
job          count    min threads    max threads
---------  -------  -------------  -------------
run_3plex        1              1              1
total            1              1              1

Select jobs to execute...

[Thu May 11 18:21:51 2023]
rule run_3plex:
    input: working_dir/18/TERC.fa, working_dir/18/TERC.pos_neg.bed.fa
    output: working_dir/18/TERC.fa__TERC.pos_neg.bed.fa__output.txt
    jobid: 0
    reason: Missing output files: working_dir/18/TERC.fa__TERC.pos_neg.bed.fa__output.txt
    wildcards: token=18, ssRNA=TERC.fa, dsDNA=TERC.pos_neg.bed.fa
    resources: tmpdir=/tmp


			docker run --rm -v /home/mmasera/3plex_backend_server/server/working_dir/18:/home/mmasera/3plex_backend_server/server/working_dir/18 imolineris/3plex:v0.1.2-beta 				-j 1 -l 8 -L -1 -e 20 				-g 40 -r off -c 1 				-s 0 /home/mmasera/3plex_backend_server/server/working_dir/18/TERC.fa /home/mmasera/3plex_backend_server/server/working_dir/18/TERC.pos_neg.bed.fa 					/home/mmasera/3plex_backend_server/server/working_dir/18; 
		echo "Job completed" > working_dir/18/TERC.fa__TERC.pos_neg.bed.fa_output.txt
	
Waiting at most 5 seconds for missing files.
MissingOutputException in rule run_3plex in file /home/mmasera/3plex_backend_server/server/Snakefile, line 6:
Job 0 completed successfully, but some output files are missing. Missing files after 5 seconds. This might be due to filesystem latency. If that is the case, consider to increase the wait time with --latency-wait:
working_dir/18/TERC.fa__TERC.pos_neg.bed.fa__output.txt
Shutting down, this might take some time.
Exiting because a job execution failed. Look above for error message
Complete log: .snakemake/log/2023-05-11T182151.512493.snakemake.log
