Building DAG of jobs...
Using shell: /usr/bin/bash
Provided cores: 1 (use --cores to define parallelism)
Rules claiming more threads will be scaled down.
Job stats:
job            count    min threads    max threads
-----------  -------  -------------  -------------
run_3plex_f        1              1              1
total              1              1              1

Select jobs to execute...

[Thu May 11 16:43:43 2023]
rule run_3plex_f:
    input: working_dir/ciao/TERC.fa, working_dir/ciao/TERC.pos_neg.bed.fa
    output: working_dir/ciao/TERC__TERC.pos_neg.bed.output.txt
    jobid: 0
    reason: Missing output files: working_dir/ciao/TERC__TERC.pos_neg.bed.output.txt
    wildcards: token=ciao, ssRNA=TERC, dsDNA=TERC.pos_neg.bed
    resources: tmpdir=/mnt/nvme_raid0/tmp


		echo ciao > working_dirciao/output.txt
	
[Thu May 11 16:43:43 2023]
Error in rule run_3plex_f:
    jobid: 0
    input: working_dir/ciao/TERC.fa, working_dir/ciao/TERC.pos_neg.bed.fa
    output: working_dir/ciao/TERC__TERC.pos_neg.bed.output.txt
    shell:
        
		echo ciao > working_dirciao/output.txt
	
        (one of the commands exited with non-zero exit code; note that snakemake uses bash strict mode!)

Shutting down, this might take some time.
Exiting because a job execution failed. Look above for error message
Complete log: .snakemake/log/2023-05-11T164343.772611.snakemake.log
