Building DAG of jobs...
Using shell: /usr/bin/bash
Provided cores: 1 (use --cores to define parallelism)
Rules claiming more threads will be scaled down.
Job stats:
job            count    min threads    max threads
-----------  -------  -------------  -------------
run_3plex_f        1              1              1
total              1              1              1

Select jobs to execute...

[Thu May 11 16:39:20 2023]
rule run_3plex_f:
    output: working_dir/ciao/output.txt
    jobid: 0
    reason: Missing output files: working_dir/ciao/output.txt
    wildcards: token=/ciao
    resources: tmpdir=/mnt/nvme_raid0/tmp

RuleException in rule run_3plex_f in file /home/mmasera/3plex_backend_server/server/Snakefile, line 24:
NameError: The name 'token' is unknown in this context. Did you mean 'wildcards.token'?, when formatting the following:

		echo ciao > working_dir{token}/output.txt
	
