Building DAG of jobs...
Using shell: /usr/bin/bash
Provided cores: 1 (use --cores to define parallelism)
Rules claiming more threads will be scaled down.
Job stats:
job            count    min threads    max threads
-----------  -------  -------------  -------------
run_3plex_f        1              1              1
total              1              1              1

Select jobs to execute...

[Thu May 11 16:38:03 2023]
rule run_3plex_f:
    output: diomerdaz.txt
    jobid: 0
    reason: Missing output files: diomerdaz.txt
    resources: tmpdir=/mnt/nvme_raid0/tmp


		echo ciao > diomerdaz.txt
	
[Thu May 11 16:38:04 2023]
Finished job 0.
1 of 1 steps (100%) done
Complete log: .snakemake/log/2023-05-11T163803.948080.snakemake.log
