Building DAG of jobs...
Using shell: /usr/bin/bash
Provided cores: 1 (use --cores to define parallelism)
Rules claiming more threads will be scaled down.
Job stats:
job          count    min threads    max threads
---------  -------  -------------  -------------
run_3plex        1              1              1
total            1              1              1

Select jobs to execute...

[Thu May 11 17:45:38 2023]
rule run_3plex:
    input: working_dir/14/TERC.fa, working_dir/14/TERC.pos_neg.bed.fa
    output: working_dir/14/TERC.fa__TERC.pos_neg.bed.fa.output.txt
    jobid: 0
    reason: Missing output files: working_dir/14/TERC.fa__TERC.pos_neg.bed.fa.output.txt
    wildcards: token=14, ssRNA=TERC.fa, dsDNA=TERC.pos_neg.bed.fa
    resources: tmpdir=/mnt/nvme_raid0/tmp

RuleException in rule run_3plex in file /home/mmasera/3plex_backend_server/server/Snakefile, line 6:
NameError: The name 'token' is unknown in this context. Did you mean 'wildcards.token'?, when formatting the following:

			docker run -u `id -u`:`id -g` --rm -v $PWD/working_dir/{token}:$PWD/working_dir/{token} imolineris/3plex:v0.1.2-beta 				-j 1 -l {config[min_len]} -L {config[max_len]} -e {config[error_rate]} 				-g {config[guanine_rate]} -r {config[filter_repeat]} -c {config[consecutive_errors]} 				-s {config[SSTRAND]} $PWD/{input.ssRNA_file} $PWD/{input.dsDNA_file} \ 
					$PWD/working_dir/{wildcards.token}; 
		echo "Job completed" > working_dir/{wildcards.token}/{wildcards.ssRNA}__{wildcards.dsDNA}.output.txt
	
